2025.05.11 05:28:18 INFO  Started: Metals version 1.5.2 in folders 'C:\Users\kaspe\OneDrive - Aalto University\Aalto\Kurssit\ELEC-E3560 - IC Design Project\remote' for client Visual Studio Code 1.99.3.
2025.05.11 05:28:19 INFO  no build target found for C:\Users\kaspe\OneDrive - Aalto University\Aalto\Kurssit\ELEC-E3560 - IC Design Project\remote\chisel\src\test\scala\direct_digital_synthesizer\direct_digital_synthesizerSpec.scala. Using presentation compiler with project's scala-library version: 3.3.5
toukok. 11, 2025 5:28:21 AP. org.eclipse.lsp4j.jsonrpc.RemoteEndpoint handleCancellation
WARNING: Unmatched cancel notification for request id 2
toukok. 11, 2025 5:28:21 AP. org.eclipse.lsp4j.jsonrpc.RemoteEndpoint handleCancellation
WARNING: Unmatched cancel notification for request id 1
2025.05.11 05:28:21 INFO  no build target found for C:\Users\kaspe\OneDrive - Aalto University\Aalto\Kurssit\ELEC-E3560 - IC Design Project\remote\chisel\src\test\scala\direct_digital_synthesizer\direct_digital_synthesizerSpec.scala. Using presentation compiler with project's scala-library version: 3.3.5
2025.05.11 05:28:21 INFO  no build target found for C:\Users\kaspe\OneDrive - Aalto University\Aalto\Kurssit\ELEC-E3560 - IC Design Project\remote\chisel\src\test\scala\direct_digital_synthesizer\direct_digital_synthesizerSpec.scala. Using presentation compiler with project's scala-library version: 3.3.5
2025.05.11 05:28:21 INFO  no build target found for C:\Users\kaspe\OneDrive - Aalto University\Aalto\Kurssit\ELEC-E3560 - IC Design Project\remote\chisel\src\test\scala\direct_digital_synthesizer\direct_digital_synthesizerSpec.scala. Using presentation compiler with project's scala-library version: 3.3.5
2025.05.11 05:28:21 INFO  no build target found for C:\Users\kaspe\OneDrive - Aalto University\Aalto\Kurssit\ELEC-E3560 - IC Design Project\remote\chisel\src\test\scala\direct_digital_synthesizer\direct_digital_synthesizerSpec.scala. Using presentation compiler with project's scala-library version: 3.3.5
Exception in thread "pool-6-thread-1" java.lang.InterruptedException
	at scala.meta.internal.metals.FutureCancelToken.checkCanceled(FutureCancelToken.scala:29)
	at scala.meta.internal.pc.CompilerAccess.onCompilerJobQueue$$anonfun$1(CompilerAccess.scala:244)
	at scala.meta.internal.pc.CompilerJobQueue$Job.run(CompilerJobQueue.scala:153)
	at java.base/java.util.concurrent.ThreadPoolExecutor.runWorker(ThreadPoolExecutor.java:1136)
	at java.base/java.util.concurrent.ThreadPoolExecutor$Worker.run(ThreadPoolExecutor.java:635)
	at java.base/java.lang.Thread.run(Thread.java:833)
2025.05.11 05:28:22 INFO  no build target found for C:\Users\kaspe\OneDrive - Aalto University\Aalto\Kurssit\ELEC-E3560 - IC Design Project\remote\chisel\src\test\scala\direct_digital_synthesizer\direct_digital_synthesizerSpec.scala. Using presentation compiler with project's scala-library version: 3.3.5
2025.05.11 05:28:25 INFO  no build target found for C:\Users\kaspe\OneDrive - Aalto University\Aalto\Kurssit\ELEC-E3560 - IC Design Project\remote\chisel\src\test\scala\direct_digital_synthesizer\direct_digital_synthesizerSpec.scala. Using presentation compiler with project's scala-library version: 3.3.5
2025.05.11 05:28:25 INFO  no build target found for C:\Users\kaspe\OneDrive - Aalto University\Aalto\Kurssit\ELEC-E3560 - IC Design Project\remote\chisel\src\test\scala\direct_digital_synthesizer\direct_digital_synthesizerSpec.scala. Using presentation compiler with project's scala-library version: 3.3.5
2025.05.11 05:28:27 INFO  no build target found for C:\Users\kaspe\OneDrive - Aalto University\Aalto\Kurssit\ELEC-E3560 - IC Design Project\remote\chisel\src\test\scala\direct_digital_synthesizer\direct_digital_synthesizerSpec.scala. Using presentation compiler with project's scala-library version: 3.3.5
2025.05.11 05:28:27 INFO  no build target found for C:\Users\kaspe\OneDrive - Aalto University\Aalto\Kurssit\ELEC-E3560 - IC Design Project\remote\chisel\src\test\scala\direct_digital_synthesizer\direct_digital_synthesizerSpec.scala. Using presentation compiler with project's scala-library version: 3.3.5
2025.05.11 05:28:36 INFO  no build target found for C:\Users\kaspe\OneDrive - Aalto University\Aalto\Kurssit\ELEC-E3560 - IC Design Project\remote\chisel\src\test\scala\direct_digital_synthesizer\direct_digital_synthesizerSpec.scala. Using presentation compiler with project's scala-library version: 3.3.5
2025.05.11 05:28:36 WARN  no build target for: C:\Users\kaspe\OneDrive - Aalto University\Aalto\Kurssit\ELEC-E3560 - IC Design Project\remote\chisel\src\main\scala\direct_digital_synthesizer\package.scala
2025.05.11 05:28:36 WARN  no build target for: C:\Users\kaspe\OneDrive - Aalto University\Aalto\Kurssit\ELEC-E3560 - IC Design Project\remote\chisel\src\main\scala\direct_digital_synthesizer\direct_digital_synthesizer.scala
2025.05.11 05:28:36 WARN  no build target for: C:\Users\kaspe\OneDrive - Aalto University\Aalto\Kurssit\ELEC-E3560 - IC Design Project\remote\chisel\src\test\scala\direct_digital_synthesizer\direct_digital_synthesizerSpec.scala
2025.05.11 05:28:36 INFO  no build target found for C:\Users\kaspe\OneDrive - Aalto University\Aalto\Kurssit\ELEC-E3560 - IC Design Project\remote\chisel\src\test\scala\direct_digital_synthesizer\direct_digital_synthesizerSpec.scala. Using presentation compiler with project's scala-library version: 3.3.5
2025.05.11 05:28:36 INFO  no build target found for C:\Users\kaspe\OneDrive - Aalto University\Aalto\Kurssit\ELEC-E3560 - IC Design Project\remote\chisel\src\test\scala\direct_digital_synthesizer\direct_digital_synthesizerSpec.scala. Using presentation compiler with project's scala-library version: 3.3.5
2025.05.11 05:28:36 INFO  no build target found for C:\Users\kaspe\OneDrive - Aalto University\Aalto\Kurssit\ELEC-E3560 - IC Design Project\remote\chisel\src\main\scala\direct_digital_synthesizer\package.scala. Using presentation compiler with project's scala-library version: 3.3.5
2025.05.11 05:28:36 INFO  no build target found for C:\Users\kaspe\OneDrive - Aalto University\Aalto\Kurssit\ELEC-E3560 - IC Design Project\remote\chisel\src\main\scala\direct_digital_synthesizer\direct_digital_synthesizer.scala. Using presentation compiler with project's scala-library version: 3.3.5
2025.05.11 05:28:37 INFO  no build target found for C:\Users\kaspe\OneDrive - Aalto University\Aalto\Kurssit\ELEC-E3560 - IC Design Project\remote\chisel\src\test\scala\direct_digital_synthesizer\direct_digital_synthesizerSpec.scala. Using presentation compiler with project's scala-library version: 3.3.5
2025.05.11 05:29:00 WARN  no build target for: C:\Users\kaspe\OneDrive - Aalto University\Aalto\Kurssit\ELEC-E3560 - IC Design Project\remote\chisel\src\main\scala\direct_digital_synthesizer\package.scala
2025.05.11 05:29:00 INFO  no build target found for C:\Users\kaspe\OneDrive - Aalto University\Aalto\Kurssit\ELEC-E3560 - IC Design Project\remote\chisel\src\main\scala\direct_digital_synthesizer\package.scala. Using presentation compiler with project's scala-library version: 3.3.5
2025.05.11 05:29:00 INFO  no build target found for C:\Users\kaspe\OneDrive - Aalto University\Aalto\Kurssit\ELEC-E3560 - IC Design Project\remote\chisel\src\main\scala\direct_digital_synthesizer\package.scala. Using presentation compiler with project's scala-library version: 3.3.5
2025.05.11 05:29:01 WARN  no build target for: C:\Users\kaspe\OneDrive - Aalto University\Aalto\Kurssit\ELEC-E3560 - IC Design Project\remote\chisel\src\main\scala\direct_digital_synthesizer\direct_digital_synthesizer.scala
2025.05.11 05:29:01 INFO  no build target found for C:\Users\kaspe\OneDrive - Aalto University\Aalto\Kurssit\ELEC-E3560 - IC Design Project\remote\chisel\src\main\scala\direct_digital_synthesizer\direct_digital_synthesizer.scala. Using presentation compiler with project's scala-library version: 3.3.5
2025.05.11 05:29:01 INFO  no build target found for C:\Users\kaspe\OneDrive - Aalto University\Aalto\Kurssit\ELEC-E3560 - IC Design Project\remote\chisel\src\main\scala\direct_digital_synthesizer\direct_digital_synthesizer.scala. Using presentation compiler with project's scala-library version: 3.3.5
2025.05.11 05:30:20 INFO  no build target found for C:\Users\kaspe\OneDrive - Aalto University\Aalto\Kurssit\ELEC-E3560 - IC Design Project\remote\chisel\src\main\scala\direct_digital_synthesizer\direct_digital_synthesizer.scala. Using presentation compiler with project's scala-library version: 3.3.5
2025.05.11 05:31:06 WARN  no build target for: C:\Users\kaspe\OneDrive - Aalto University\Aalto\Kurssit\ELEC-E3560 - IC Design Project\remote\chisel\src\test\scala\direct_digital_synthesizer\direct_digital_synthesizerSpec.scala
2025.05.11 05:31:06 INFO  no build target found for C:\Users\kaspe\OneDrive - Aalto University\Aalto\Kurssit\ELEC-E3560 - IC Design Project\remote\chisel\src\test\scala\direct_digital_synthesizer\direct_digital_synthesizerSpec.scala. Using presentation compiler with project's scala-library version: 3.3.5
2025.05.11 05:31:06 INFO  no build target found for C:\Users\kaspe\OneDrive - Aalto University\Aalto\Kurssit\ELEC-E3560 - IC Design Project\remote\chisel\src\test\scala\direct_digital_synthesizer\direct_digital_synthesizerSpec.scala. Using presentation compiler with project's scala-library version: 3.3.5
2025.05.11 05:31:06 WARN  no build target for: C:\Users\kaspe\OneDrive - Aalto University\Aalto\Kurssit\ELEC-E3560 - IC Design Project\remote\chisel\src\main\scala\direct_digital_synthesizer\direct_digital_synthesizer.scala
2025.05.11 05:31:06 INFO  no build target found for C:\Users\kaspe\OneDrive - Aalto University\Aalto\Kurssit\ELEC-E3560 - IC Design Project\remote\chisel\src\main\scala\direct_digital_synthesizer\direct_digital_synthesizer.scala. Using presentation compiler with project's scala-library version: 3.3.5
2025.05.11 05:31:07 INFO  no build target found for C:\Users\kaspe\OneDrive - Aalto University\Aalto\Kurssit\ELEC-E3560 - IC Design Project\remote\chisel\src\main\scala\direct_digital_synthesizer\direct_digital_synthesizer.scala. Using presentation compiler with project's scala-library version: 3.3.5
2025.05.11 05:39:06 INFO  Shutting down server
2025.05.11 05:39:06 INFO  shutting down Metals
2025.05.11 05:39:06 INFO  Exiting server
